Line 45: Class TabDlg.SSTab of control SSTab1 was not a loaded control class.
Line 843: Class MSDataGridLib.DataGrid of control DataGrid1 was not a loaded control class.
Line 1003: Class MSDataGridLib.DataGrid of control DataGrid2 was not a loaded control class.
Line 1128: Class MSDataGridLib.DataGrid of control DataGrid3 was not a loaded control class.
Line 51: The property name _ExtentX in SSTab1 is invalid.
Line 52: The property name _ExtentY in SSTab1 is invalid.
Line 53: The property name _Version in SSTab1 is invalid.
Line 54: The property name Tabs in SSTab1 is invalid.
Line 55: The property name Tab in SSTab1 is invalid.
Line 56: The property name TabsPerRow in SSTab1 is invalid.
Line 57: The property name TabHeight in SSTab1 is invalid.
Line 68: The property name TabCaption(0) in SSTab1 is invalid.
Line 69: The property name TabPicture(0) in SSTab1 is invalid.
Line 70: The property name Tab(0).ControlEnabled in SSTab1 is invalid.
Line 71: The property name Tab(0).Control(0) in SSTab1 is invalid.
Line 72: The property name Tab(0).Control(0).Enabled in SSTab1 is invalid.
Line 73: The property name Tab(0).Control(1) in SSTab1 is invalid.
Line 74: The property name Tab(0).Control(1).Enabled in SSTab1 is invalid.
Line 75: The property name Tab(0).Control(2) in SSTab1 is invalid.
Line 76: The property name Tab(0).Control(2).Enabled in SSTab1 is invalid.
Line 77: The property name Tab(0).Control(3) in SSTab1 is invalid.
Line 78: The property name Tab(0).Control(3).Enabled in SSTab1 is invalid.
Line 79: The property name Tab(0).Control(4) in SSTab1 is invalid.
Line 80: The property name Tab(0).Control(4).Enabled in SSTab1 is invalid.
Line 81: The property name Tab(0).Control(5) in SSTab1 is invalid.
Line 82: The property name Tab(0).Control(5).Enabled in SSTab1 is invalid.
Line 83: The property name Tab(0).Control(6) in SSTab1 is invalid.
Line 84: The property name Tab(0).Control(6).Enabled in SSTab1 is invalid.
Line 85: The property name Tab(0).Control(7) in SSTab1 is invalid.
Line 86: The property name Tab(0).Control(7).Enabled in SSTab1 is invalid.
Line 87: The property name Tab(0).Control(8) in SSTab1 is invalid.
Line 88: The property name Tab(0).Control(8).Enabled in SSTab1 is invalid.
Line 89: The property name Tab(0).Control(9) in SSTab1 is invalid.
Line 90: The property name Tab(0).Control(9).Enabled in SSTab1 is invalid.
Line 91: The property name Tab(0).Control(10) in SSTab1 is invalid.
Line 92: The property name Tab(0).Control(10).Enabled in SSTab1 is invalid.
Line 93: The property name Tab(0).Control(11) in SSTab1 is invalid.
Line 94: The property name Tab(0).Control(11).Enabled in SSTab1 is invalid.
Line 95: The property name Tab(0).Control(12) in SSTab1 is invalid.
Line 96: The property name Tab(0).Control(12).Enabled in SSTab1 is invalid.
Line 97: The property name Tab(0).Control(13) in SSTab1 is invalid.
Line 98: The property name Tab(0).Control(13).Enabled in SSTab1 is invalid.
Line 99: The property name Tab(0).Control(14) in SSTab1 is invalid.
Line 100: The property name Tab(0).Control(14).Enabled in SSTab1 is invalid.
Line 101: The property name Tab(0).Control(15) in SSTab1 is invalid.
Line 102: The property name Tab(0).Control(15).Enabled in SSTab1 is invalid.
Line 103: The property name Tab(0).Control(16) in SSTab1 is invalid.
Line 104: The property name Tab(0).Control(16).Enabled in SSTab1 is invalid.
Line 105: The property name Tab(0).Control(17) in SSTab1 is invalid.
Line 106: The property name Tab(0).Control(17).Enabled in SSTab1 is invalid.
Line 107: The property name Tab(0).ControlCount in SSTab1 is invalid.
Line 108: The property name TabCaption(1) in SSTab1 is invalid.
Line 109: The property name TabPicture(1) in SSTab1 is invalid.
Line 110: The property name Tab(1).ControlEnabled in SSTab1 is invalid.
Line 111: The property name Tab(1).Control(0) in SSTab1 is invalid.
Line 112: The property name Tab(1).Control(0).Enabled in SSTab1 is invalid.
Line 113: The property name Tab(1).Control(1) in SSTab1 is invalid.
Line 114: The property name Tab(1).Control(1).Enabled in SSTab1 is invalid.
Line 115: The property name Tab(1).Control(2) in SSTab1 is invalid.
Line 116: The property name Tab(1).Control(2).Enabled in SSTab1 is invalid.
Line 117: The property name Tab(1).Control(3) in SSTab1 is invalid.
Line 118: The property name Tab(1).Control(3).Enabled in SSTab1 is invalid.
Line 119: The property name Tab(1).Control(4) in SSTab1 is invalid.
Line 120: The property name Tab(1).Control(4).Enabled in SSTab1 is invalid.
Line 121: The property name Tab(1).Control(5) in SSTab1 is invalid.
Line 122: The property name Tab(1).Control(5).Enabled in SSTab1 is invalid.
Line 123: The property name Tab(1).Control(6) in SSTab1 is invalid.
Line 124: The property name Tab(1).Control(6).Enabled in SSTab1 is invalid.
Line 125: The property name Tab(1).Control(7) in SSTab1 is invalid.
Line 126: The property name Tab(1).Control(7).Enabled in SSTab1 is invalid.
Line 127: The property name Tab(1).Control(8) in SSTab1 is invalid.
Line 128: The property name Tab(1).Control(8).Enabled in SSTab1 is invalid.
Line 129: The property name Tab(1).Control(9) in SSTab1 is invalid.
Line 130: The property name Tab(1).Control(9).Enabled in SSTab1 is invalid.
Line 131: The property name Tab(1).Control(10) in SSTab1 is invalid.
Line 132: The property name Tab(1).Control(10).Enabled in SSTab1 is invalid.
Line 133: The property name Tab(1).Control(11) in SSTab1 is invalid.
Line 134: The property name Tab(1).Control(11).Enabled in SSTab1 is invalid.
Line 135: The property name Tab(1).Control(12) in SSTab1 is invalid.
Line 136: The property name Tab(1).Control(12).Enabled in SSTab1 is invalid.
Line 137: The property name Tab(1).Control(13) in SSTab1 is invalid.
Line 138: The property name Tab(1).Control(13).Enabled in SSTab1 is invalid.
Line 139: The property name Tab(1).Control(14) in SSTab1 is invalid.
Line 140: The property name Tab(1).Control(14).Enabled in SSTab1 is invalid.
Line 141: The property name Tab(1).Control(15) in SSTab1 is invalid.
Line 142: The property name Tab(1).Control(15).Enabled in SSTab1 is invalid.
Line 143: The property name Tab(1).Control(16) in SSTab1 is invalid.
Line 144: The property name Tab(1).Control(16).Enabled in SSTab1 is invalid.
Line 145: The property name Tab(1).Control(17) in SSTab1 is invalid.
Line 146: The property name Tab(1).Control(17).Enabled in SSTab1 is invalid.
Line 147: The property name Tab(1).ControlCount in SSTab1 is invalid.
Line 148: The property name TabCaption(2) in SSTab1 is invalid.
Line 149: The property name TabPicture(2) in SSTab1 is invalid.
Line 150: The property name Tab(2).ControlEnabled in SSTab1 is invalid.
Line 151: The property name Tab(2).Control(0) in SSTab1 is invalid.
Line 152: The property name Tab(2).Control(1) in SSTab1 is invalid.
Line 153: The property name Tab(2).Control(2) in SSTab1 is invalid.
Line 154: The property name Tab(2).Control(3) in SSTab1 is invalid.
Line 155: The property name Tab(2).Control(4) in SSTab1 is invalid.
Line 156: The property name Tab(2).Control(5) in SSTab1 is invalid.
Line 157: The property name Tab(2).Control(6) in SSTab1 is invalid.
Line 158: The property name Tab(2).Control(7) in SSTab1 is invalid.
Line 159: The property name Tab(2).Control(8) in SSTab1 is invalid.
Line 160: The property name Tab(2).Control(9) in SSTab1 is invalid.
Line 161: The property name Tab(2).Control(10) in SSTab1 is invalid.
Line 162: The property name Tab(2).Control(11) in SSTab1 is invalid.
Line 163: The property name Tab(2).Control(12) in SSTab1 is invalid.
Line 164: The property name Tab(2).Control(13) in SSTab1 is invalid.
Line 165: The property name Tab(2).Control(14) in SSTab1 is invalid.
Line 166: The property name Tab(2).Control(15) in SSTab1 is invalid.
Line 167: The property name Tab(2).ControlCount in SSTab1 is invalid.
Line 168: The property name TabCaption(3) in SSTab1 is invalid.
Line 169: The property name TabPicture(3) in SSTab1 is invalid.
Line 170: The property name Tab(3).ControlEnabled in SSTab1 is invalid.
Line 171: The property name Tab(3).Control(0) in SSTab1 is invalid.
Line 172: The property name Tab(3).Control(1) in SSTab1 is invalid.
Line 173: The property name Tab(3).Control(2) in SSTab1 is invalid.
Line 174: The property name Tab(3).Control(3) in SSTab1 is invalid.
Line 175: The property name Tab(3).Control(4) in SSTab1 is invalid.
Line 176: The property name Tab(3).Control(5) in SSTab1 is invalid.
Line 177: The property name Tab(3).Control(6) in SSTab1 is invalid.
Line 178: The property name Tab(3).Control(7) in SSTab1 is invalid.
Line 179: The property name Tab(3).Control(8) in SSTab1 is invalid.
Line 180: The property name Tab(3).Control(9) in SSTab1 is invalid.
Line 181: The property name Tab(3).Control(10) in SSTab1 is invalid.
Line 182: The property name Tab(3).Control(11) in SSTab1 is invalid.
Line 183: The property name Tab(3).Control(12) in SSTab1 is invalid.
Line 184: The property name Tab(3).Control(13) in SSTab1 is invalid.
Line 185: The property name Tab(3).Control(14) in SSTab1 is invalid.
Line 186: The property name Tab(3).Control(15) in SSTab1 is invalid.
Line 187: The property name Tab(3).ControlCount in SSTab1 is invalid.
Line 849: The property name _ExtentX in DataGrid1 is invalid.
Line 850: The property name _ExtentY in DataGrid1 is invalid.
Line 851: The property name _Version in DataGrid1 is invalid.
Line 853: The property name HeadLines in DataGrid1 is invalid.
Line 854: The property name RowHeight in DataGrid1 is invalid.
Line 863: The property name HeadFont in DataGrid1 is invalid.
Line 873: The property name Caption in DataGrid1 is invalid.
Line 874: The property name ColumnCount in DataGrid1 is invalid.
Line 887: The property name Column00 in DataGrid1 is invalid.
Line 900: The property name Column01 in DataGrid1 is invalid.
Line 901: The property name SplitCount in DataGrid1 is invalid.
Line 907: The property name Split0 in DataGrid1 is invalid.
Line 1009: The property name _ExtentX in DataGrid2 is invalid.
Line 1010: The property name _ExtentY in DataGrid2 is invalid.
Line 1011: The property name _Version in DataGrid2 is invalid.
Line 1013: The property name HeadLines in DataGrid2 is invalid.
Line 1014: The property name RowHeight in DataGrid2 is invalid.
Line 1023: The property name HeadFont in DataGrid2 is invalid.
Line 1033: The property name Caption in DataGrid2 is invalid.
Line 1034: The property name ColumnCount in DataGrid2 is invalid.
Line 1047: The property name Column00 in DataGrid2 is invalid.
Line 1060: The property name Column01 in DataGrid2 is invalid.
Line 1061: The property name SplitCount in DataGrid2 is invalid.
Line 1067: The property name Split0 in DataGrid2 is invalid.
Line 1134: The property name _ExtentX in DataGrid3 is invalid.
Line 1135: The property name _ExtentY in DataGrid3 is invalid.
Line 1136: The property name _Version in DataGrid3 is invalid.
Line 1138: The property name ColumnHeaders in DataGrid3 is invalid.
Line 1139: The property name HeadLines in DataGrid3 is invalid.
Line 1140: The property name RowHeight in DataGrid3 is invalid.
Line 1149: The property name HeadFont in DataGrid3 is invalid.
Line 1159: The property name Caption in DataGrid3 is invalid.
Line 1160: The property name ColumnCount in DataGrid3 is invalid.
Line 1173: The property name Column00 in DataGrid3 is invalid.
Line 1186: The property name Column01 in DataGrid3 is invalid.
Line 1187: The property name SplitCount in DataGrid3 is invalid.
Line 1193: The property name Split0 in DataGrid3 is invalid.
